[Message: Preloader] BepInEx 6.0.0-be.697 - AtelierResleriana
[Message: Preloader] Built from commit 53625800b86f6c68751445248260edf0b27a71c2
[Info   :   BepInEx] System platform: Windows 10 64-bit
[Info   :   BepInEx] Process bitness: 64-bit (x64)
[Info   :   BepInEx] Running under Unity 2022.3.26f1
[Info   :   BepInEx] Runtime version: 6.0.7
[Info   :   BepInEx] Runtime information: .NET 6.0.7
[Info   : Preloader] 0 patcher plugins loaded
[Info   : Preloader] 0 assemblies discovered
[Message:AssemblyPatcher] Executing 0 patch(es)
[Message:   BepInEx] Chainloader initialized
[Warning:Il2CppInterop] Class::Init signatures have been exhausted, using a substitute!
[Info   :Il2CppInterop] Registered mono type Il2CppInterop.Runtime.DelegateSupport+Il2CppToMonoDelegateReference in il2cpp domain
[Info   :   BepInEx] 2 plugins to load
[Info   :   BepInEx] Loading [XUnity Auto Translator 5.4.0]
[Info   :Il2CppInterop] Registered mono type XUnity.AutoTranslator.Plugin.Core.PluginLoader+AutoTranslatorProxyBehaviour in il2cpp domain
[Info   :   BepInEx] Loading [XUnity Resource Redirector 2.1.0]
[Message:   BepInEx] Chainloader startup complete
[Info   :XUnity.AutoTranslator] Force loading ALL proxy assemblies.
[Warning:XUnity.AutoTranslator] An error occurred while resolving type: UnityEngine.TextMesh
System.ArgumentException: TextMesh does not have a corresponding IL2CPP class pointer
   at Il2CppInterop.Runtime.Il2CppType.TypeFromPointerInternal(IntPtr classPointer, String typeName, Boolean throwOnFailure) in /home/runner/work/Il2CppInterop/Il2CppInterop/Il2CppInterop.Runtime/Il2CppType.cs:line 19
   at XUnity.Common.Constants.UnityTypes.FindType(String name)
[Warning:XUnity.AutoTranslator] An error occurred while resolving type: UnityEngine.WWW
System.ArgumentException: WWW does not have a corresponding IL2CPP class pointer
   at Il2CppInterop.Runtime.Il2CppType.TypeFromPointerInternal(IntPtr classPointer, String typeName, Boolean throwOnFailure) in /home/runner/work/Il2CppInterop/Il2CppInterop/Il2CppInterop.Runtime/Il2CppType.cs:line 19
   at XUnity.Common.Constants.UnityTypes.FindType(String name)
[Error  :Il2CppInterop] Nested type ToolbarButtonSize on GUI not found!
[Warning:XUnity.AutoTranslator] An error occurred while resolving type: UnityEngine.GUI+ToolbarButtonSize
System.ArgumentException: ToolbarButtonSize does not have a corresponding IL2CPP class pointer
   at Il2CppInterop.Runtime.Il2CppType.TypeFromPointerInternal(IntPtr classPointer, String typeName, Boolean throwOnFailure) in /home/runner/work/Il2CppInterop/Il2CppInterop/Il2CppInterop.Runtime/Il2CppType.cs:line 19
   at XUnity.Common.Constants.UnityTypes.FindType(String name)
[Info   :XUnity.AutoTranslator] Version of TextMesh Pro: 1.4.0.
[Warning:  HarmonyX] AccessTools.Method: Could not find method for type TMPro.TMP_Text and name SetCharArray and parameters (Il2CppInterop.Runtime.InteropTypes.Arrays.Il2CppStructArray<int>, int, int)
[Warning:XUnity.AutoTranslator] Could not hook 'TMP_Text_SetCharArray_Hook3'. Likely due differences between different versions of the engine or text framework.
[Info   :XUnity.AutoTranslator] Attempting to load TextMesh Pro font from asset bundle.
[Info   :XUnity.AutoTranslator] Loaded TextMesh Pro font uses version: 1.1.0
[Warning:XUnity.AutoTranslator] TextMesh Pro version mismatch. Font asset version: 1.1.0, TextMesh Pro version: 1.4.0
[Info   :XUnity.AutoTranslator] Loaded fallback font for TextMesh Pro: NotoSansA25
[Info   :XUnity.AutoTranslator] Loaded XUnity.AutoTranslator into Unity [2022.3.26f1] game.
[Info   :Il2CppInterop] Registered mono type XUnity.AutoTranslator.Plugin.Core.Il2CppManagedEnumerator in il2cpp domain
[Info   :XUnity.AutoTranslator] Skipping plugin scan because no plugin-specific translations has been registered.
